<?xml version="1.0" encoding="UTF-8"?>
<testng-results skipped="0" failed="0" ignored="0" total="4" passed="4">
  <reporter-output>
  </reporter-output>
  <suite name="Suite" duration-ms="76489" started-at="2017-07-11T03:22:01Z" finished-at="2017-07-11T03:23:17Z">
    <groups>
    </groups>
    <test name="Test" duration-ms="44908" started-at="2017-07-11T03:22:01Z" finished-at="2017-07-11T03:22:45Z">
      <class name="com.demo.org.Test_Class.TestNg_Class">
        <test-method status="PASS" signature="beforeTest(java.lang.String)[pri:0, instance:com.demo.org.Test_Class.TestNg_Class@7a5d012c]" name="beforeTest" is-config="true" duration-ms="35324" started-at="2017-07-11T08:52:01Z" finished-at="2017-07-11T08:52:36Z">
          <params>
            <param index="0">
              <value>
                <![CDATA[Chrome]]>
              </value>
            </param>
          </params>
          <reporter-output>
          </reporter-output>
        </test-method> <!-- beforeTest -->
        <test-method status="PASS" signature="firstf()[pri:2, instance:com.demo.org.Test_Class.TestNg_Class@7a5d012c]" name="firstf" duration-ms="3875" started-at="2017-07-11T08:52:36Z" finished-at="2017-07-11T08:52:40Z">
          <reporter-output>
          </reporter-output>
        </test-method> <!-- firstf -->
        <test-method status="PASS" signature="second()[pri:3, instance:com.demo.org.Test_Class.TestNg_Class@7a5d012c]" name="second" duration-ms="3492" started-at="2017-07-11T08:52:40Z" depends-on-methods="com.demo.org.Test_Class.TestNg_Class.firstf" finished-at="2017-07-11T08:52:43Z">
          <reporter-output>
          </reporter-output>
        </test-method> <!-- second -->
        <test-method status="PASS" signature="afterTest()[pri:0, instance:com.demo.org.Test_Class.TestNg_Class@7a5d012c]" name="afterTest" is-config="true" duration-ms="1967" started-at="2017-07-11T08:52:43Z" finished-at="2017-07-11T08:52:45Z">
          <reporter-output>
          </reporter-output>
        </test-method> <!-- afterTest -->
      </class> <!-- com.demo.org.Test_Class.TestNg_Class -->
    </test> <!-- Test -->
    <test name="Test1" duration-ms="76488" started-at="2017-07-11T03:22:01Z" finished-at="2017-07-11T03:23:17Z">
      <class name="com.demo.org.Test_Class.TestNg_Class">
        <test-method status="PASS" signature="beforeTest(java.lang.String)[pri:0, instance:com.demo.org.Test_Class.TestNg_Class@614c5515]" name="beforeTest" is-config="true" duration-ms="69097" started-at="2017-07-11T08:52:01Z" finished-at="2017-07-11T08:53:10Z">
          <params>
            <param index="0">
              <value>
                <![CDATA[firefox]]>
              </value>
            </param>
          </params>
          <reporter-output>
          </reporter-output>
        </test-method> <!-- beforeTest -->
        <test-method status="PASS" signature="firstf()[pri:2, instance:com.demo.org.Test_Class.TestNg_Class@614c5515]" name="firstf" duration-ms="3052" started-at="2017-07-11T08:53:10Z" finished-at="2017-07-11T08:53:13Z">
          <reporter-output>
          </reporter-output>
        </test-method> <!-- firstf -->
        <test-method status="PASS" signature="second()[pri:3, instance:com.demo.org.Test_Class.TestNg_Class@614c5515]" name="second" duration-ms="4047" started-at="2017-07-11T08:53:13Z" depends-on-methods="com.demo.org.Test_Class.TestNg_Class.firstf" finished-at="2017-07-11T08:53:17Z">
          <reporter-output>
          </reporter-output>
        </test-method> <!-- second -->
        <test-method status="FAIL" signature="afterTest()[pri:0, instance:com.demo.org.Test_Class.TestNg_Class@614c5515]" name="afterTest" is-config="true" duration-ms="179" started-at="2017-07-11T08:53:17Z" finished-at="2017-07-11T08:53:17Z">
          <exception class="org.openqa.selenium.SessionNotCreatedException">
            <message>
              <![CDATA[Tried to run command without establishing a connection
Build info: version: '3.4.0', revision: 'unknown', time: 'unknown'
System info: host: 'ADMIN-PC', ip: '192.168.0.4', os.name: 'Windows 7', os.arch: 'amd64', os.version: '6.1', java.version: '1.8.0_25'
Driver info: org.openqa.selenium.firefox.FirefoxDriver
Capabilities [{moz:profile=C:\Users\ADMIN\AppData\Local\Temp\rust_mozprofile.XBdOq3yZxcg1, rotatable=false, timeouts={implicit=0.0, pageLoad=300000.0, script=30000.0}, pageLoadStrategy=normal, platform=ANY, specificationLevel=0.0, moz:accessibilityChecks=false, acceptInsecureCerts=false, browserVersion=54.0, platformVersion=6.1, moz:processID=4460.0, browserName=firefox, javascriptEnabled=true, platformName=windows_nt}]
Session ID: 96628abf-0f04-4455-94c6-dc906ebf7f92]]>
            </message>
            <full-stacktrace>
              <![CDATA[org.openqa.selenium.SessionNotCreatedException: Tried to run command without establishing a connection
Build info: version: '3.4.0', revision: 'unknown', time: 'unknown'
System info: host: 'ADMIN-PC', ip: '192.168.0.4', os.name: 'Windows 7', os.arch: 'amd64', os.version: '6.1', java.version: '1.8.0_25'
Driver info: org.openqa.selenium.firefox.FirefoxDriver
Capabilities [{moz:profile=C:\Users\ADMIN\AppData\Local\Temp\rust_mozprofile.XBdOq3yZxcg1, rotatable=false, timeouts={implicit=0.0, pageLoad=300000.0, script=30000.0}, pageLoadStrategy=normal, platform=ANY, specificationLevel=0.0, moz:accessibilityChecks=false, acceptInsecureCerts=false, browserVersion=54.0, platformVersion=6.1, moz:processID=4460.0, browserName=firefox, javascriptEnabled=true, platformName=windows_nt}]
Session ID: 96628abf-0f04-4455-94c6-dc906ebf7f92
	at sun.reflect.NativeConstructorAccessorImpl.newInstance0(Native Method)
	at sun.reflect.NativeConstructorAccessorImpl.newInstance(NativeConstructorAccessorImpl.java:62)
	at sun.reflect.DelegatingConstructorAccessorImpl.newInstance(DelegatingConstructorAccessorImpl.java:45)
	at java.lang.reflect.Constructor.newInstance(Constructor.java:408)
	at org.openqa.selenium.remote.http.W3CHttpResponseCodec.createException(W3CHttpResponseCodec.java:150)
	at org.openqa.selenium.remote.http.W3CHttpResponseCodec.decode(W3CHttpResponseCodec.java:115)
	at org.openqa.selenium.remote.http.W3CHttpResponseCodec.decode(W3CHttpResponseCodec.java:45)
	at org.openqa.selenium.remote.HttpCommandExecutor.execute(HttpCommandExecutor.java:164)
	at org.openqa.selenium.remote.service.DriverCommandExecutor.execute(DriverCommandExecutor.java:82)
	at org.openqa.selenium.remote.RemoteWebDriver.execute(RemoteWebDriver.java:637)
	at org.openqa.selenium.remote.RemoteWebDriver.execute(RemoteWebDriver.java:694)
	at org.openqa.selenium.remote.RemoteWebDriver.quit(RemoteWebDriver.java:533)
	at com.demo.org.Test_Class.TestNg_Class.afterTest(TestNg_Class.java:83)
	at sun.reflect.NativeMethodAccessorImpl.invoke0(Native Method)
	at sun.reflect.NativeMethodAccessorImpl.invoke(NativeMethodAccessorImpl.java:62)
	at sun.reflect.DelegatingMethodAccessorImpl.invoke(DelegatingMethodAccessorImpl.java:43)
	at java.lang.reflect.Method.invoke(Method.java:483)
	at org.testng.internal.MethodInvocationHelper.invokeMethod(MethodInvocationHelper.java:108)
	at org.testng.internal.Invoker.invokeConfigurationMethod(Invoker.java:523)
	at org.testng.internal.Invoker.invokeConfigurations(Invoker.java:224)
	at org.testng.internal.Invoker.invokeConfigurations(Invoker.java:146)
	at org.testng.TestRunner.afterRun(TestRunner.java:958)
	at org.testng.TestRunner.run(TestRunner.java:606)
	at org.testng.SuiteRunner.runTest(SuiteRunner.java:380)
	at org.testng.SuiteRunner.access$000(SuiteRunner.java:39)
	at org.testng.SuiteRunner$SuiteWorker.run(SuiteRunner.java:414)
	at org.testng.internal.thread.ThreadUtil$1.call(ThreadUtil.java:52)
	at java.util.concurrent.FutureTask.run(FutureTask.java:266)
	at java.util.concurrent.ThreadPoolExecutor.runWorker(ThreadPoolExecutor.java:1142)
	at java.util.concurrent.ThreadPoolExecutor$Worker.run(ThreadPoolExecutor.java:617)
	at java.lang.Thread.run(Thread.java:745)
]]>
            </full-stacktrace>
          </exception> <!-- org.openqa.selenium.SessionNotCreatedException -->
          <reporter-output>
          </reporter-output>
        </test-method> <!-- afterTest -->
      </class> <!-- com.demo.org.Test_Class.TestNg_Class -->
    </test> <!-- Test1 -->
  </suite> <!-- Suite -->
</testng-results>
