<?xml version="1.0" encoding="UTF-8"?>
<testsuite xmlns:xsi="http://www.w3.org/2001/XMLSchema-instance" xsi:schemaLocation="https://maven.apache.org/surefire/maven-surefire-plugin/xsd/surefire-test-report.xsd" name="TestSuite" time="81.715" tests="5" errors="0" skipped="0" failures="1">
  <properties>
[...]
</properties>
  <testcase name="firstf" classname="com.demo.org.Test_Class.TestNg_Class" time="3.881"/>
  <testcase name="firstf" classname="com.demo.org.Test_Class.TestNg_Class" time="3.052"/>
  <testcase name="second" classname="com.demo.org.Test_Class.TestNg_Class" time="3.491"/>
  <testcase name="second" classname="com.demo.org.Test_Class.TestNg_Class" time="4.048"/>
  <testcase name="afterTest" classname="com.demo.org.Test_Class.TestNg_Class" time="4.26">
    <failure message="Tried to run command without establishing a connection&#10;Build info: version: &apos;3.4.0&apos;, revision: &apos;unknown&apos;, time: &apos;unknown&apos;&#10;System info: host: &apos;ADMIN-PC&apos;, ip: &apos;192.168.0.4&apos;, os.name: &apos;Windows 7&apos;, os.arch: &apos;amd64&apos;, os.version: &apos;6.1&apos;, java.version: &apos;1.8.0_25&apos;&#10;Driver info: org.openqa.selenium.firefox.FirefoxDriver&#10;Capabilities [{moz:profile=C:\Users\ADMIN\AppData\Local\Temp\rust_mozprofile.XBdOq3yZxcg1, rotatable=false, timeouts={implicit=0.0, pageLoad=300000.0, script=30000.0}, pageLoadStrategy=normal, platform=ANY, specificationLevel=0.0, moz:accessibilityChecks=false, acceptInsecureCerts=false, browserVersion=54.0, platformVersion=6.1, moz:processID=4460.0, browserName=firefox, javascriptEnabled=true, platformName=windows_nt}]&#10;Session ID: 96628abf-0f04-4455-94c6-dc906ebf7f92" type="org.openqa.selenium.SessionNotCreatedException">org.openqa.selenium.SessionNotCreatedException: 
Tried to run command without establishing a connection
Build info: version: '3.4.0', revision: 'unknown', time: 'unknown'
System info: host: 'ADMIN-PC', ip: '192.168.0.4', os.name: 'Windows 7', os.arch: 'amd64', os.version: '6.1', java.version: '1.8.0_25'
Driver info: org.openqa.selenium.firefox.FirefoxDriver
Capabilities [{moz:profile=C:\Users\ADMIN\AppData\Local\Temp\rust_mozprofile.XBdOq3yZxcg1, rotatable=false, timeouts={implicit=0.0, pageLoad=300000.0, script=30000.0}, pageLoadStrategy=normal, platform=ANY, specificationLevel=0.0, moz:accessibilityChecks=false, acceptInsecureCerts=false, browserVersion=54.0, platformVersion=6.1, moz:processID=4460.0, browserName=firefox, javascriptEnabled=true, platformName=windows_nt}]
Session ID: 96628abf-0f04-4455-94c6-dc906ebf7f92
	at com.demo.org.Test_Class.TestNg_Class.afterTest(TestNg_Class.java:83)
</failure>
  </testcase>
</testsuite>