<?xml version="1.0" encoding="UTF-8"?>
<testng-results skipped="0" failed="0" ignored="0" total="4" passed="4">
  <reporter-output>
  </reporter-output>
  <suite name="Default suite" duration-ms="34229" started-at="2017-06-16T02:44:52Z" finished-at="2017-06-16T02:45:27Z">
    <groups>
    </groups>
    <test name="Default test" duration-ms="34229" started-at="2017-06-16T02:44:52Z" finished-at="2017-06-16T02:45:27Z">
      <class name="com.demo.org.Test_Class.TestNg_Class">
        <test-method status="PASS" signature="beforeTest(java.lang.String)[pri:1, instance:com.demo.org.Test_Class.TestNg_Class@59f99ea]" name="beforeTest" duration-ms="13178" started-at="2017-06-16T08:14:52Z" data-provider="browsersss" finished-at="2017-06-16T08:15:06Z">
          <params>
            <param index="0">
              <value>
                <![CDATA[Chrome]]>
              </value>
            </param>
          </params>
          <reporter-output>
          </reporter-output>
        </test-method> <!-- beforeTest -->
        <test-method status="PASS" signature="beforeTest(java.lang.String)[pri:1, instance:com.demo.org.Test_Class.TestNg_Class@59f99ea]" name="beforeTest" duration-ms="17477" started-at="2017-06-16T08:15:06Z" data-provider="browsersss" finished-at="2017-06-16T08:15:23Z">
          <params>
            <param index="0">
              <value>
                <![CDATA[firefox]]>
              </value>
            </param>
          </params>
          <reporter-output>
          </reporter-output>
        </test-method> <!-- beforeTest -->
        <test-method status="PASS" signature="firstf()[pri:2, instance:com.demo.org.Test_Class.TestNg_Class@59f99ea]" name="firstf" duration-ms="2" started-at="2017-06-16T08:15:23Z" finished-at="2017-06-16T08:15:23Z">
          <reporter-output>
          </reporter-output>
        </test-method> <!-- firstf -->
        <test-method status="PASS" signature="second()[pri:3, instance:com.demo.org.Test_Class.TestNg_Class@59f99ea]" name="second" duration-ms="3225" started-at="2017-06-16T08:15:23Z" depends-on-methods="com.demo.org.Test_Class.TestNg_Class.firstf" finished-at="2017-06-16T08:15:26Z">
          <reporter-output>
          </reporter-output>
        </test-method> <!-- second -->
        <test-method status="FAIL" signature="afterTest()[pri:0, instance:com.demo.org.Test_Class.TestNg_Class@59f99ea]" name="afterTest" is-config="true" duration-ms="255" started-at="2017-06-16T08:15:26Z" finished-at="2017-06-16T08:15:27Z">
          <exception class="org.openqa.selenium.SessionNotCreatedException">
            <message>
              <![CDATA[Tried to run command without establishing a connection
Build info: version: '3.4.0', revision: 'unknown', time: 'unknown'
System info: host: 'ADMIN-PC', ip: '192.168.0.6', os.name: 'Windows 7', os.arch: 'amd64', os.version: '6.1', java.version: '1.8.0_25'
Driver info: org.openqa.selenium.firefox.FirefoxDriver
Capabilities [{moz:profile=C:\Users\ADMIN\AppData\Local\Temp\rust_mozprofile.Ka7AF7v6Tyfc, rotatable=false, timeouts={implicit=0.0, pageLoad=300000.0, script=30000.0}, pageLoadStrategy=normal, platform=ANY, specificationLevel=0.0, moz:accessibilityChecks=false, acceptInsecureCerts=false, browserVersion=54.0, platformVersion=6.1, moz:processID=1040.0, browserName=firefox, javascriptEnabled=true, platformName=windows_nt}]
Session ID: 510f0606-5339-4854-babe-17eb4b67e964]]>
            </message>
            <full-stacktrace>
              <![CDATA[org.openqa.selenium.SessionNotCreatedException: Tried to run command without establishing a connection
Build info: version: '3.4.0', revision: 'unknown', time: 'unknown'
System info: host: 'ADMIN-PC', ip: '192.168.0.6', os.name: 'Windows 7', os.arch: 'amd64', os.version: '6.1', java.version: '1.8.0_25'
Driver info: org.openqa.selenium.firefox.FirefoxDriver
Capabilities [{moz:profile=C:\Users\ADMIN\AppData\Local\Temp\rust_mozprofile.Ka7AF7v6Tyfc, rotatable=false, timeouts={implicit=0.0, pageLoad=300000.0, script=30000.0}, pageLoadStrategy=normal, platform=ANY, specificationLevel=0.0, moz:accessibilityChecks=false, acceptInsecureCerts=false, browserVersion=54.0, platformVersion=6.1, moz:processID=1040.0, browserName=firefox, javascriptEnabled=true, platformName=windows_nt}]
Session ID: 510f0606-5339-4854-babe-17eb4b67e964
	at sun.reflect.NativeConstructorAccessorImpl.newInstance0(Native Method)
	at sun.reflect.NativeConstructorAccessorImpl.newInstance(Unknown Source)
	at sun.reflect.DelegatingConstructorAccessorImpl.newInstance(Unknown Source)
	at java.lang.reflect.Constructor.newInstance(Unknown Source)
	at org.openqa.selenium.remote.http.W3CHttpResponseCodec.createException(W3CHttpResponseCodec.java:150)
	at org.openqa.selenium.remote.http.W3CHttpResponseCodec.decode(W3CHttpResponseCodec.java:115)
	at org.openqa.selenium.remote.http.W3CHttpResponseCodec.decode(W3CHttpResponseCodec.java:45)
	at org.openqa.selenium.remote.HttpCommandExecutor.execute(HttpCommandExecutor.java:164)
	at org.openqa.selenium.remote.service.DriverCommandExecutor.execute(DriverCommandExecutor.java:82)
	at org.openqa.selenium.remote.RemoteWebDriver.execute(RemoteWebDriver.java:637)
	at org.openqa.selenium.remote.RemoteWebDriver.execute(RemoteWebDriver.java:694)
	at org.openqa.selenium.remote.RemoteWebDriver.quit(RemoteWebDriver.java:533)
	at com.demo.org.Test_Class.TestNg_Class.afterTest(TestNg_Class.java:88)
	at sun.reflect.NativeMethodAccessorImpl.invoke0(Native Method)
	at sun.reflect.NativeMethodAccessorImpl.invoke(Unknown Source)
	at sun.reflect.DelegatingMethodAccessorImpl.invoke(Unknown Source)
	at java.lang.reflect.Method.invoke(Unknown Source)
	at org.testng.internal.MethodInvocationHelper.invokeMethod(MethodInvocationHelper.java:108)
	at org.testng.internal.Invoker.invokeConfigurationMethod(Invoker.java:523)
	at org.testng.internal.Invoker.invokeConfigurations(Invoker.java:224)
	at org.testng.internal.Invoker.invokeConfigurations(Invoker.java:146)
	at org.testng.TestRunner.afterRun(TestRunner.java:958)
	at org.testng.TestRunner.run(TestRunner.java:606)
	at org.testng.SuiteRunner.runTest(SuiteRunner.java:380)
	at org.testng.SuiteRunner.runSequentially(SuiteRunner.java:375)
	at org.testng.SuiteRunner.privateRun(SuiteRunner.java:340)
	at org.testng.SuiteRunner.run(SuiteRunner.java:289)
	at org.testng.SuiteRunnerWorker.runSuite(SuiteRunnerWorker.java:52)
	at org.testng.SuiteRunnerWorker.run(SuiteRunnerWorker.java:86)
	at org.testng.TestNG.runSuitesSequentially(TestNG.java:1301)
	at org.testng.TestNG.runSuitesLocally(TestNG.java:1226)
	at org.testng.TestNG.runSuites(TestNG.java:1144)
	at org.testng.TestNG.run(TestNG.java:1115)
	at org.testng.remote.AbstractRemoteTestNG.run(AbstractRemoteTestNG.java:132)
	at org.testng.remote.RemoteTestNG.initAndRun(RemoteTestNG.java:230)
	at org.testng.remote.RemoteTestNG.main(RemoteTestNG.java:76)
]]>
            </full-stacktrace>
          </exception> <!-- org.openqa.selenium.SessionNotCreatedException -->
          <reporter-output>
          </reporter-output>
        </test-method> <!-- afterTest -->
      </class> <!-- com.demo.org.Test_Class.TestNg_Class -->
    </test> <!-- Default test -->
  </suite> <!-- Default suite -->
</testng-results>
