<?xml version="1.0" encoding="UTF-8"?>
<testng-results skipped="0" failed="0" ignored="0" total="4" passed="4">
  <reporter-output>
  </reporter-output>
  <suite name="Suite" duration-ms="25873" started-at="2017-06-16T03:12:57Z" finished-at="2017-06-16T03:13:23Z">
    <groups>
    </groups>
    <test name="Test" duration-ms="17803" started-at="2017-06-16T03:12:57Z" finished-at="2017-06-16T03:13:14Z">
      <class name="com.demo.org.Test_Class.TestNg_Class">
        <test-method status="PASS" signature="beforeTest(java.lang.String)[pri:0, instance:com.demo.org.Test_Class.TestNg_Class@66a3ffec]" name="beforeTest" is-config="true" duration-ms="10210" started-at="2017-06-16T08:42:57Z" finished-at="2017-06-16T08:43:07Z">
          <params>
            <param index="0">
              <value>
                <![CDATA[Chrome]]>
              </value>
            </param>
          </params>
          <reporter-output>
          </reporter-output>
        </test-method> <!-- beforeTest -->
        <test-method status="PASS" signature="firstf()[pri:2, instance:com.demo.org.Test_Class.TestNg_Class@66a3ffec]" name="firstf" duration-ms="3404" started-at="2017-06-16T08:43:07Z" finished-at="2017-06-16T08:43:10Z">
          <reporter-output>
          </reporter-output>
        </test-method> <!-- firstf -->
        <test-method status="PASS" signature="second()[pri:3, instance:com.demo.org.Test_Class.TestNg_Class@66a3ffec]" name="second" duration-ms="3281" started-at="2017-06-16T08:43:10Z" depends-on-methods="com.demo.org.Test_Class.TestNg_Class.firstf" finished-at="2017-06-16T08:43:14Z">
          <reporter-output>
          </reporter-output>
        </test-method> <!-- second -->
        <test-method status="PASS" signature="afterTest()[pri:0, instance:com.demo.org.Test_Class.TestNg_Class@66a3ffec]" name="afterTest" is-config="true" duration-ms="871" started-at="2017-06-16T08:43:14Z" finished-at="2017-06-16T08:43:14Z">
          <reporter-output>
          </reporter-output>
        </test-method> <!-- afterTest -->
      </class> <!-- com.demo.org.Test_Class.TestNg_Class -->
    </test> <!-- Test -->
    <test name="Test1" duration-ms="25873" started-at="2017-06-16T03:12:57Z" finished-at="2017-06-16T03:13:23Z">
      <class name="com.demo.org.Test_Class.TestNg_Class">
        <test-method status="PASS" signature="beforeTest(java.lang.String)[pri:0, instance:com.demo.org.Test_Class.TestNg_Class@13deb50e]" name="beforeTest" is-config="true" duration-ms="18458" started-at="2017-06-16T08:42:57Z" finished-at="2017-06-16T08:43:15Z">
          <params>
            <param index="0">
              <value>
                <![CDATA[firefox]]>
              </value>
            </param>
          </params>
          <reporter-output>
          </reporter-output>
        </test-method> <!-- beforeTest -->
        <test-method status="PASS" signature="firstf()[pri:2, instance:com.demo.org.Test_Class.TestNg_Class@13deb50e]" name="firstf" duration-ms="2421" started-at="2017-06-16T08:43:15Z" finished-at="2017-06-16T08:43:18Z">
          <reporter-output>
          </reporter-output>
        </test-method> <!-- firstf -->
        <test-method status="PASS" signature="second()[pri:3, instance:com.demo.org.Test_Class.TestNg_Class@13deb50e]" name="second" duration-ms="4848" started-at="2017-06-16T08:43:18Z" depends-on-methods="com.demo.org.Test_Class.TestNg_Class.firstf" finished-at="2017-06-16T08:43:22Z">
          <reporter-output>
          </reporter-output>
        </test-method> <!-- second -->
        <test-method status="FAIL" signature="afterTest()[pri:0, instance:com.demo.org.Test_Class.TestNg_Class@13deb50e]" name="afterTest" is-config="true" duration-ms="125" started-at="2017-06-16T08:43:22Z" finished-at="2017-06-16T08:43:22Z">
          <exception class="org.openqa.selenium.SessionNotCreatedException">
            <message>
              <![CDATA[Tried to run command without establishing a connection
Build info: version: '3.4.0', revision: 'unknown', time: 'unknown'
System info: host: 'ADMIN-PC', ip: '192.168.0.6', os.name: 'Windows 7', os.arch: 'amd64', os.version: '6.1', java.version: '1.8.0_25'
Driver info: org.openqa.selenium.firefox.FirefoxDriver
Capabilities [{moz:profile=C:\Users\ADMIN\AppData\Local\Temp\rust_mozprofile.M9zS7vITIYuK, rotatable=false, timeouts={implicit=0.0, pageLoad=300000.0, script=30000.0}, pageLoadStrategy=normal, platform=ANY, specificationLevel=0.0, moz:accessibilityChecks=false, acceptInsecureCerts=false, browserVersion=54.0, platformVersion=6.1, moz:processID=4060.0, browserName=firefox, javascriptEnabled=true, platformName=windows_nt}]
Session ID: 88d3249a-4104-4e09-9d8a-f23fb80f4a52]]>
            </message>
            <full-stacktrace>
              <![CDATA[org.openqa.selenium.SessionNotCreatedException: Tried to run command without establishing a connection
Build info: version: '3.4.0', revision: 'unknown', time: 'unknown'
System info: host: 'ADMIN-PC', ip: '192.168.0.6', os.name: 'Windows 7', os.arch: 'amd64', os.version: '6.1', java.version: '1.8.0_25'
Driver info: org.openqa.selenium.firefox.FirefoxDriver
Capabilities [{moz:profile=C:\Users\ADMIN\AppData\Local\Temp\rust_mozprofile.M9zS7vITIYuK, rotatable=false, timeouts={implicit=0.0, pageLoad=300000.0, script=30000.0}, pageLoadStrategy=normal, platform=ANY, specificationLevel=0.0, moz:accessibilityChecks=false, acceptInsecureCerts=false, browserVersion=54.0, platformVersion=6.1, moz:processID=4060.0, browserName=firefox, javascriptEnabled=true, platformName=windows_nt}]
Session ID: 88d3249a-4104-4e09-9d8a-f23fb80f4a52
	at sun.reflect.NativeConstructorAccessorImpl.newInstance0(Native Method)
	at sun.reflect.NativeConstructorAccessorImpl.newInstance(Unknown Source)
	at sun.reflect.DelegatingConstructorAccessorImpl.newInstance(Unknown Source)
	at java.lang.reflect.Constructor.newInstance(Unknown Source)
	at org.openqa.selenium.remote.http.W3CHttpResponseCodec.createException(W3CHttpResponseCodec.java:150)
	at org.openqa.selenium.remote.http.W3CHttpResponseCodec.decode(W3CHttpResponseCodec.java:115)
	at org.openqa.selenium.remote.http.W3CHttpResponseCodec.decode(W3CHttpResponseCodec.java:45)
	at org.openqa.selenium.remote.HttpCommandExecutor.execute(HttpCommandExecutor.java:164)
	at org.openqa.selenium.remote.service.DriverCommandExecutor.execute(DriverCommandExecutor.java:82)
	at org.openqa.selenium.remote.RemoteWebDriver.execute(RemoteWebDriver.java:637)
	at org.openqa.selenium.remote.RemoteWebDriver.execute(RemoteWebDriver.java:694)
	at org.openqa.selenium.remote.RemoteWebDriver.quit(RemoteWebDriver.java:533)
	at com.demo.org.Test_Class.TestNg_Class.afterTest(TestNg_Class.java:86)
	at sun.reflect.NativeMethodAccessorImpl.invoke0(Native Method)
	at sun.reflect.NativeMethodAccessorImpl.invoke(Unknown Source)
	at sun.reflect.DelegatingMethodAccessorImpl.invoke(Unknown Source)
	at java.lang.reflect.Method.invoke(Unknown Source)
	at org.testng.internal.MethodInvocationHelper.invokeMethod(MethodInvocationHelper.java:108)
	at org.testng.internal.Invoker.invokeConfigurationMethod(Invoker.java:523)
	at org.testng.internal.Invoker.invokeConfigurations(Invoker.java:224)
	at org.testng.internal.Invoker.invokeConfigurations(Invoker.java:146)
	at org.testng.TestRunner.afterRun(TestRunner.java:958)
	at org.testng.TestRunner.run(TestRunner.java:606)
	at org.testng.SuiteRunner.runTest(SuiteRunner.java:380)
	at org.testng.SuiteRunner.access$000(SuiteRunner.java:39)
	at org.testng.SuiteRunner$SuiteWorker.run(SuiteRunner.java:414)
	at org.testng.internal.thread.ThreadUtil$1.call(ThreadUtil.java:52)
	at java.util.concurrent.FutureTask.run(Unknown Source)
	at java.util.concurrent.ThreadPoolExecutor.runWorker(Unknown Source)
	at java.util.concurrent.ThreadPoolExecutor$Worker.run(Unknown Source)
	at java.lang.Thread.run(Unknown Source)
]]>
            </full-stacktrace>
          </exception> <!-- org.openqa.selenium.SessionNotCreatedException -->
          <reporter-output>
          </reporter-output>
        </test-method> <!-- afterTest -->
      </class> <!-- com.demo.org.Test_Class.TestNg_Class -->
    </test> <!-- Test1 -->
  </suite> <!-- Suite -->
</testng-results>
